[debug] [2023-05-06T18:49:23.614Z] ----------------------------------------------------------------------
[debug] [2023-05-06T18:49:23.616Z] Command:       C:\Program Files\nodejs\node.exe C:\Users\Acer\AppData\Roaming\npm\node_modules\firebase-tools\lib\bin\firebase.js deploy
[debug] [2023-05-06T18:49:23.617Z] CLI Version:   11.24.1
[debug] [2023-05-06T18:49:23.617Z] Platform:      win32
[debug] [2023-05-06T18:49:23.617Z] Node Version:  v16.16.0
[debug] [2023-05-06T18:49:23.624Z] Time:          Sun May 07 2023 00:49:23 GMT+0600 (Bangladesh Standard Time)
[debug] [2023-05-06T18:49:23.625Z] ----------------------------------------------------------------------
[debug] 
[debug] [2023-05-06T18:49:23.629Z] >>> [apiv2][query] GET https://firebase-public.firebaseio.com/cli.json [none]
[debug] [2023-05-06T18:49:23.761Z] > command requires scopes: ["email","openid","https://www.googleapis.com/auth/cloudplatformprojects.readonly","https://www.googleapis.com/auth/firebase","https://www.googleapis.com/auth/cloud-platform"]
[debug] [2023-05-06T18:49:23.762Z] > authorizing via signed-in user (mrsurusmk07@gmail.com)
[debug] [2023-05-06T18:49:23.762Z] [iam] checking project science-pedia for permissions ["firebase.projects.get","firebasehosting.sites.update"]
[debug] [2023-05-06T18:49:23.764Z] > refreshing access token with scopes: []
[debug] [2023-05-06T18:49:23.765Z] >>> [apiv2][query] POST https://www.googleapis.com/oauth2/v3/token [none]
[debug] [2023-05-06T18:49:23.765Z] >>> [apiv2][body] POST https://www.googleapis.com/oauth2/v3/token [omitted]
[debug] [2023-05-06T18:49:26.552Z] <<< [apiv2][status] GET https://firebase-public.firebaseio.com/cli.json 200
[debug] [2023-05-06T18:49:26.552Z] <<< [apiv2][body] GET https://firebase-public.firebaseio.com/cli.json {"cloudBuildErrorAfter":1594252800000,"cloudBuildWarnAfter":1590019200000,"defaultNode10After":1594252800000,"minVersion":"3.0.5","node8DeploysDisabledAfter":1613390400000,"node8RuntimeDisabledAfter":1615809600000,"node8WarnAfter":1600128000000}
[debug] [2023-05-06T18:49:27.503Z] <<< [apiv2][status] POST https://www.googleapis.com/oauth2/v3/token 200
[debug] [2023-05-06T18:49:27.504Z] <<< [apiv2][body] POST https://www.googleapis.com/oauth2/v3/token [omitted]
[debug] [2023-05-06T18:49:29.845Z] >>> [apiv2][query] POST https://cloudresourcemanager.googleapis.com/v1/projects/science-pedia:testIamPermissions [none]
[debug] [2023-05-06T18:49:29.846Z] >>> [apiv2][(partial)header] POST https://cloudresourcemanager.googleapis.com/v1/projects/science-pedia:testIamPermissions x-goog-quota-user=projects/science-pedia
[debug] [2023-05-06T18:49:29.846Z] >>> [apiv2][body] POST https://cloudresourcemanager.googleapis.com/v1/projects/science-pedia:testIamPermissions {"permissions":["firebase.projects.get","firebasehosting.sites.update"]}
[debug] [2023-05-06T18:49:46.634Z] <<< [apiv2][status] POST https://cloudresourcemanager.googleapis.com/v1/projects/science-pedia:testIamPermissions 200
[debug] [2023-05-06T18:49:46.635Z] <<< [apiv2][body] POST https://cloudresourcemanager.googleapis.com/v1/projects/science-pedia:testIamPermissions {"permissions":["firebase.projects.get","firebasehosting.sites.update"]}
[debug] [2023-05-06T18:49:46.637Z] >>> [apiv2][query] GET https://firebase.googleapis.com/v1beta1/projects/science-pedia [none]
[debug] [2023-05-06T18:49:47.508Z] <<< [apiv2][status] GET https://firebase.googleapis.com/v1beta1/projects/science-pedia 200
[debug] [2023-05-06T18:49:47.509Z] <<< [apiv2][body] GET https://firebase.googleapis.com/v1beta1/projects/science-pedia {"projectId":"science-pedia","projectNumber":"734141891007","displayName":"Science-Pedia","name":"projects/science-pedia","resources":{"hostingSite":"science-pedia"},"state":"ACTIVE","etag":"1_76e9a069-d24d-43a1-a1b2-09b74c472c7a"}
[info] 
[info] === Deploying to 'science-pedia'...
[info] 
[info] i  deploying hosting 
[debug] [2023-05-06T18:49:47.520Z] >>> [apiv2][query] POST https://firebasehosting.googleapis.com/v1beta1/projects/-/sites/science-pedia/versions [none]
[debug] [2023-05-06T18:49:47.520Z] >>> [apiv2][body] POST https://firebasehosting.googleapis.com/v1beta1/projects/-/sites/science-pedia/versions {"status":"CREATED","labels":{"deployment-tool":"cli-firebase"}}
[debug] [2023-05-06T18:49:49.148Z] <<< [apiv2][status] POST https://firebasehosting.googleapis.com/v1beta1/projects/-/sites/science-pedia/versions 200
[debug] [2023-05-06T18:49:49.148Z] <<< [apiv2][body] POST https://firebasehosting.googleapis.com/v1beta1/projects/-/sites/science-pedia/versions {"name":"projects/734141891007/sites/science-pedia/versions/ab1c06112f223590","status":"CREATED","config":{},"labels":{"deployment-tool":"cli-firebase"}}
[info] i  hosting[science-pedia]: beginning deploy... 
[info] i  hosting[science-pedia]: found 16 files in build 
[debug] [2023-05-06T18:49:49.163Z] [hosting] uploading with 200 concurrency
[debug] [2023-05-06T18:49:51.098Z] [hosting] hash cache [YnVpbGQ] stored for 16 files
[debug] [2023-05-06T18:49:51.099Z] [hosting][hash queue][FINAL] {"max":1921,"min":2,"avg":132.9375,"active":0,"complete":16,"success":16,"errored":0,"retried":0,"total":16,"elapsed":1929}
[debug] [2023-05-06T18:49:51.099Z] >>> [apiv2][query] POST https://firebasehosting.googleapis.com/v1beta1/projects/734141891007/sites/science-pedia/versions/ab1c06112f223590:populateFiles [none]
[debug] [2023-05-06T18:49:51.100Z] >>> [apiv2][body] POST https://firebasehosting.googleapis.com/v1beta1/projects/734141891007/sites/science-pedia/versions/ab1c06112f223590:populateFiles {"files":{"/favicon.ico":"48c66f7b699aae02ec924dfb55d37a2ff32647203fd344f5eae031728698ca70","/logo192.png":"3ee59515172ee198f3be375979df15ac5345183e656720a381b8872b2a39dc8b","/logo512.png":"ee7e2f3fdb8209c4b6fd7bef6ba50d1b9dba30a25bb5c3126df057e1cb6f5331","/manifest.json":"aff3449bdc238776f5d6d967f19ec491b36aed5fb7f23ccff6500736fd58494a","/robots.txt":"bfe106a3fb878dc83461c86818bf74fc1bdc7f28538ba613cd3e775516ce8b49","/asset-manifest.json":"a9c2272ce75307f83c4dd8b349269a02c4031aba01aa09bc9ad9324328e7e70b","/index.html":"469f32c69d281c451c662a67ac489f4c8bbf140d5331e1419708fe40025f7aac","/static/js/main.9a10e50b.js.LICENSE.txt":"5084db17d08c67aba91303d8a6838702d04c1063b592114ca25bf5887e6637cc","/static/js/787.265f09df.chunk.js.map":"655b674f8eaa1882a5d53a3946965b577f86cfbf57d19d43880fef9306279566","/static/js/787.265f09df.chunk.js":"3eed5b01b6bbca35e04bfdfed6d44f078260d7d5f880d60ae49a340167d071f2","/static/media/index.cd351d7c31d0d3fccf96.cjs":"e93658ec997ed4c029ee70c288a9a53c257e6ac3e71cdf8a54924a8b99df1145","/static/media/logo.6ce24c58023cc2f8fd88fe9d219db6c6.svg":"ac1a3d8899432561573d6a5cf56459437c09b902599a1deb91c0f8d4bb40459d","/static/css/main.f9917102.css":"916453a8e8b14a5a35d5f50dc6e0a5a9cb43f4a88553e2af56351ac0a2d9d7a8","/static/css/main.f9917102.css.map":"10ad3582d6f7a80970b55ac7f7b5420e685b8c96a5b1605e525af7b72837831f","/static/js/main.9a10e50b.js":"52d83513f6f30e7e6100f9fc9409c59c882690554c8c5cdf7b6ea2b25023a5e0","/static/js/main.9a10e50b.js.map":"16edac73515d852298ac70cee20609d3994fdb8fc237f893a8a188e3281420f5"}}
[debug] [2023-05-06T18:49:52.131Z] <<< [apiv2][status] POST https://firebasehosting.googleapis.com/v1beta1/projects/734141891007/sites/science-pedia/versions/ab1c06112f223590:populateFiles 200
[debug] [2023-05-06T18:49:52.131Z] <<< [apiv2][body] POST https://firebasehosting.googleapis.com/v1beta1/projects/734141891007/sites/science-pedia/versions/ab1c06112f223590:populateFiles {"uploadRequiredHashes":["52d83513f6f30e7e6100f9fc9409c59c882690554c8c5cdf7b6ea2b25023a5e0","10ad3582d6f7a80970b55ac7f7b5420e685b8c96a5b1605e525af7b72837831f","16edac73515d852298ac70cee20609d3994fdb8fc237f893a8a188e3281420f5","916453a8e8b14a5a35d5f50dc6e0a5a9cb43f4a88553e2af56351ac0a2d9d7a8","469f32c69d281c451c662a67ac489f4c8bbf140d5331e1419708fe40025f7aac","a9c2272ce75307f83c4dd8b349269a02c4031aba01aa09bc9ad9324328e7e70b"],"uploadUrl":"https://upload-firebasehosting.googleapis.com/upload/sites/science-pedia/versions/ab1c06112f223590/files"}
[debug] [2023-05-06T18:49:52.136Z] >>> [apiv2][query] POST https://upload-firebasehosting.googleapis.com/upload/sites/science-pedia/versions/ab1c06112f223590/files/52d83513f6f30e7e6100f9fc9409c59c882690554c8c5cdf7b6ea2b25023a5e0 [none]
[debug] [2023-05-06T18:49:52.136Z] >>> [apiv2][body] POST https://upload-firebasehosting.googleapis.com/upload/sites/science-pedia/versions/ab1c06112f223590/files/52d83513f6f30e7e6100f9fc9409c59c882690554c8c5cdf7b6ea2b25023a5e0 [stream]
[debug] [2023-05-06T18:49:52.139Z] >>> [apiv2][query] POST https://upload-firebasehosting.googleapis.com/upload/sites/science-pedia/versions/ab1c06112f223590/files/10ad3582d6f7a80970b55ac7f7b5420e685b8c96a5b1605e525af7b72837831f [none]
[debug] [2023-05-06T18:49:52.140Z] >>> [apiv2][body] POST https://upload-firebasehosting.googleapis.com/upload/sites/science-pedia/versions/ab1c06112f223590/files/10ad3582d6f7a80970b55ac7f7b5420e685b8c96a5b1605e525af7b72837831f [stream]
[debug] [2023-05-06T18:49:52.143Z] >>> [apiv2][query] POST https://upload-firebasehosting.googleapis.com/upload/sites/science-pedia/versions/ab1c06112f223590/files/16edac73515d852298ac70cee20609d3994fdb8fc237f893a8a188e3281420f5 [none]
[debug] [2023-05-06T18:49:52.143Z] >>> [apiv2][body] POST https://upload-firebasehosting.googleapis.com/upload/sites/science-pedia/versions/ab1c06112f223590/files/16edac73515d852298ac70cee20609d3994fdb8fc237f893a8a188e3281420f5 [stream]
[debug] [2023-05-06T18:49:52.145Z] >>> [apiv2][query] POST https://upload-firebasehosting.googleapis.com/upload/sites/science-pedia/versions/ab1c06112f223590/files/916453a8e8b14a5a35d5f50dc6e0a5a9cb43f4a88553e2af56351ac0a2d9d7a8 [none]
[debug] [2023-05-06T18:49:52.146Z] >>> [apiv2][body] POST https://upload-firebasehosting.googleapis.com/upload/sites/science-pedia/versions/ab1c06112f223590/files/916453a8e8b14a5a35d5f50dc6e0a5a9cb43f4a88553e2af56351ac0a2d9d7a8 [stream]
[debug] [2023-05-06T18:49:52.149Z] >>> [apiv2][query] POST https://upload-firebasehosting.googleapis.com/upload/sites/science-pedia/versions/ab1c06112f223590/files/469f32c69d281c451c662a67ac489f4c8bbf140d5331e1419708fe40025f7aac [none]
[debug] [2023-05-06T18:49:52.149Z] >>> [apiv2][body] POST https://upload-firebasehosting.googleapis.com/upload/sites/science-pedia/versions/ab1c06112f223590/files/469f32c69d281c451c662a67ac489f4c8bbf140d5331e1419708fe40025f7aac [stream]
[debug] [2023-05-06T18:49:52.155Z] >>> [apiv2][query] POST https://upload-firebasehosting.googleapis.com/upload/sites/science-pedia/versions/ab1c06112f223590/files/a9c2272ce75307f83c4dd8b349269a02c4031aba01aa09bc9ad9324328e7e70b [none]
[debug] [2023-05-06T18:49:52.155Z] >>> [apiv2][body] POST https://upload-firebasehosting.googleapis.com/upload/sites/science-pedia/versions/ab1c06112f223590/files/a9c2272ce75307f83c4dd8b349269a02c4031aba01aa09bc9ad9324328e7e70b [stream]
[debug] [2023-05-06T18:49:52.159Z] [hosting][populate queue][FINAL] {"max":1039,"min":1039,"avg":1039,"active":0,"complete":1,"success":1,"errored":0,"retried":0,"total":1,"elapsed":1063}
[debug] [2023-05-06T18:49:52.159Z] [hosting] uploads queued: 6
[debug] [2023-05-06T18:49:53.973Z] <<< [apiv2][status] POST https://upload-firebasehosting.googleapis.com/upload/sites/science-pedia/versions/ab1c06112f223590/files/a9c2272ce75307f83c4dd8b349269a02c4031aba01aa09bc9ad9324328e7e70b 200
[debug] [2023-05-06T18:49:53.974Z] <<< [apiv2][body] POST https://upload-firebasehosting.googleapis.com/upload/sites/science-pedia/versions/ab1c06112f223590/files/a9c2272ce75307f83c4dd8b349269a02c4031aba01aa09bc9ad9324328e7e70b [stream]
[debug] [2023-05-06T18:49:54.593Z] <<< [apiv2][status] POST https://upload-firebasehosting.googleapis.com/upload/sites/science-pedia/versions/ab1c06112f223590/files/916453a8e8b14a5a35d5f50dc6e0a5a9cb43f4a88553e2af56351ac0a2d9d7a8 200
[debug] [2023-05-06T18:49:54.593Z] <<< [apiv2][body] POST https://upload-firebasehosting.googleapis.com/upload/sites/science-pedia/versions/ab1c06112f223590/files/916453a8e8b14a5a35d5f50dc6e0a5a9cb43f4a88553e2af56351ac0a2d9d7a8 [stream]
[debug] [2023-05-06T18:49:55.102Z] <<< [apiv2][status] POST https://upload-firebasehosting.googleapis.com/upload/sites/science-pedia/versions/ab1c06112f223590/files/10ad3582d6f7a80970b55ac7f7b5420e685b8c96a5b1605e525af7b72837831f 200
[debug] [2023-05-06T18:49:55.103Z] <<< [apiv2][body] POST https://upload-firebasehosting.googleapis.com/upload/sites/science-pedia/versions/ab1c06112f223590/files/10ad3582d6f7a80970b55ac7f7b5420e685b8c96a5b1605e525af7b72837831f [stream]
[debug] [2023-05-06T18:49:59.240Z] <<< [apiv2][status] POST https://upload-firebasehosting.googleapis.com/upload/sites/science-pedia/versions/ab1c06112f223590/files/16edac73515d852298ac70cee20609d3994fdb8fc237f893a8a188e3281420f5 200
[debug] [2023-05-06T18:49:59.241Z] <<< [apiv2][body] POST https://upload-firebasehosting.googleapis.com/upload/sites/science-pedia/versions/ab1c06112f223590/files/16edac73515d852298ac70cee20609d3994fdb8fc237f893a8a188e3281420f5 [stream]
[debug] [2023-05-06T18:50:09.919Z] <<< [apiv2][status] POST https://upload-firebasehosting.googleapis.com/upload/sites/science-pedia/versions/ab1c06112f223590/files/52d83513f6f30e7e6100f9fc9409c59c882690554c8c5cdf7b6ea2b25023a5e0 200
[debug] [2023-05-06T18:50:09.920Z] <<< [apiv2][body] POST https://upload-firebasehosting.googleapis.com/upload/sites/science-pedia/versions/ab1c06112f223590/files/52d83513f6f30e7e6100f9fc9409c59c882690554c8c5cdf7b6ea2b25023a5e0 [stream]
[debug] [2023-05-06T18:50:10.215Z] <<< [apiv2][status] POST https://upload-firebasehosting.googleapis.com/upload/sites/science-pedia/versions/ab1c06112f223590/files/469f32c69d281c451c662a67ac489f4c8bbf140d5331e1419708fe40025f7aac 200
[debug] [2023-05-06T18:50:10.216Z] <<< [apiv2][body] POST https://upload-firebasehosting.googleapis.com/upload/sites/science-pedia/versions/ab1c06112f223590/files/469f32c69d281c451c662a67ac489f4c8bbf140d5331e1419708fe40025f7aac [stream]
[debug] [2023-05-06T18:50:10.217Z] [hosting][upload queue][FINAL] {"max":18082,"min":1839,"avg":8374.5,"active":0,"complete":6,"success":6,"errored":0,"retried":0,"total":6,"elapsed":18085}
[info] +  hosting[science-pedia]: file upload complete 
[debug] [2023-05-06T18:50:10.221Z] [hosting] deploy completed after 21069ms
[debug] [2023-05-06T18:50:10.229Z] [
  {
    "config": {
      "public": "build",
      "ignore": [
        "firebase.json",
        "**/.*",
        "**/node_modules/**"
      ],
      "rewrites": [
        {
          "source": "**",
          "destination": "/index.html"
        }
      ],
      "site": "science-pedia"
    },
    "version": "projects/734141891007/sites/science-pedia/versions/ab1c06112f223590"
  }
]
[info] i  hosting[science-pedia]: finalizing version... 
[debug] [2023-05-06T18:50:10.233Z] >>> [apiv2][query] PATCH https://firebasehosting.googleapis.com/v1beta1/projects/-/sites/science-pedia/versions/ab1c06112f223590 updateMask=status%2Cconfig
[debug] [2023-05-06T18:50:10.233Z] >>> [apiv2][body] PATCH https://firebasehosting.googleapis.com/v1beta1/projects/-/sites/science-pedia/versions/ab1c06112f223590 {"status":"FINALIZED","config":{"rewrites":[{"glob":"**","path":"/index.html"}]}}
[debug] [2023-05-06T18:50:11.496Z] <<< [apiv2][status] PATCH https://firebasehosting.googleapis.com/v1beta1/projects/-/sites/science-pedia/versions/ab1c06112f223590 200
[debug] [2023-05-06T18:50:11.497Z] <<< [apiv2][body] PATCH https://firebasehosting.googleapis.com/v1beta1/projects/-/sites/science-pedia/versions/ab1c06112f223590 {"name":"projects/734141891007/sites/science-pedia/versions/ab1c06112f223590","status":"FINALIZED","config":{"rewrites":[{"glob":"**","path":"/index.html"}]},"labels":{"deployment-tool":"cli-firebase"},"createTime":"2023-05-06T18:49:47.730322Z","createUser":{"email":"mrsurusmk07@gmail.com"},"finalizeTime":"2023-05-06T18:50:10.666896Z","finalizeUser":{"email":"mrsurusmk07@gmail.com"}}
[debug] [2023-05-06T18:50:11.497Z] [hosting] finalized version for science-pedia:[object Object]
[info] +  hosting[science-pedia]: version finalized 
[info] i  hosting[science-pedia]: releasing new version... 
[debug] [2023-05-06T18:50:11.499Z] >>> [apiv2][query] POST https://firebasehosting.googleapis.com/v1beta1/projects/-/sites/science-pedia/channels/live/releases versionName=projects%2F734141891007%2Fsites%2Fscience-pedia%2Fversions%2Fab1c06112f223590
[debug] [2023-05-06T18:50:11.500Z] >>> [apiv2][body] POST https://firebasehosting.googleapis.com/v1beta1/projects/-/sites/science-pedia/channels/live/releases {}
[debug] [2023-05-06T18:50:27.851Z] <<< [apiv2][status] POST https://firebasehosting.googleapis.com/v1beta1/projects/-/sites/science-pedia/channels/live/releases 200
[debug] [2023-05-06T18:50:27.852Z] <<< [apiv2][body] POST https://firebasehosting.googleapis.com/v1beta1/projects/-/sites/science-pedia/channels/live/releases {"name":"projects/734141891007/sites/science-pedia/channels/live/releases/1683399026235000","version":{"name":"projects/734141891007/sites/science-pedia/versions/ab1c06112f223590","status":"FINALIZED","config":{"rewrites":[{"glob":"**","path":"/index.html"}]},"labels":{"deployment-tool":"cli-firebase"},"createTime":"2023-05-06T18:49:47.730322Z","createUser":{"email":"mrsurusmk07@gmail.com","imageUrl":"https://lh3.googleusercontent.com/a/AGNmyxb3L7oDQcaFdOnH1h_yNoBrk18_H_oAVV94E1vg-Q"},"finalizeTime":"2023-05-06T18:50:10.666896Z","finalizeUser":{"email":"mrsurusmk07@gmail.com","imageUrl":"https://lh3.googleusercontent.com/a/AGNmyxb3L7oDQcaFdOnH1h_yNoBrk18_H_oAVV94E1vg-Q"}},"type":"DEPLOY","releaseTime":"2023-05-06T18:50:26.235Z","releaseUser":{"email":"mrsurusmk07@gmail.com","imageUrl":"https://lh3.googleusercontent.com/a/AGNmyxb3L7oDQcaFdOnH1h_yNoBrk18_H_oAVV94E1vg-Q"}}
[debug] [2023-05-06T18:50:27.852Z] [hosting] release: {"name":"projects/734141891007/sites/science-pedia/channels/live/releases/1683399026235000","version":{"name":"projects/734141891007/sites/science-pedia/versions/ab1c06112f223590","status":"FINALIZED","config":{"rewrites":[{"glob":"**","path":"/index.html"}]},"labels":{"deployment-tool":"cli-firebase"},"createTime":"2023-05-06T18:49:47.730322Z","createUser":{"email":"mrsurusmk07@gmail.com","imageUrl":"https://lh3.googleusercontent.com/a/AGNmyxb3L7oDQcaFdOnH1h_yNoBrk18_H_oAVV94E1vg-Q"},"finalizeTime":"2023-05-06T18:50:10.666896Z","finalizeUser":{"email":"mrsurusmk07@gmail.com","imageUrl":"https://lh3.googleusercontent.com/a/AGNmyxb3L7oDQcaFdOnH1h_yNoBrk18_H_oAVV94E1vg-Q"}},"type":"DEPLOY","releaseTime":"2023-05-06T18:50:26.235Z","releaseUser":{"email":"mrsurusmk07@gmail.com","imageUrl":"https://lh3.googleusercontent.com/a/AGNmyxb3L7oDQcaFdOnH1h_yNoBrk18_H_oAVV94E1vg-Q"}}
[info] +  hosting[science-pedia]: release complete 
[info] 
[info] +  Deploy complete! 
[info] 
[info] Project Console: https://console.firebase.google.com/project/science-pedia/overview
[info] Hosting URL: https://science-pedia.web.app
[debug] [2023-05-06T18:50:33.473Z] Error: Timed out.
    at Timeout._onTimeout (C:\Users\Acer\AppData\Roaming\npm\node_modules\firebase-tools\lib\utils.js:253:49)
    at listOnTimeout (node:internal/timers:559:17)
    at processTimers (node:internal/timers:502:7)
[error] 
[error] Error: An unexpected error has occurred.
